<?xml version="1.0" encoding="UTF-8"?>
<!-- Generated by org.testng.reporters.JUnitReportReporter -->
<testsuite skipped="0" hostname="D1ML21558" name="com.grid.setuptest.SetUpTest" tests="1" failures="0" timestamp="18 Jan 2019 08:17:50 GMT" time="9.992" errors="0">
  <testcase name="LoginTest" time="9.992" classname="com.grid.setuptest.SetUpTest"/>
</testsuite> <!-- com.grid.setuptest.SetUpTest -->
